orig: 5.643%	hist: 5.643%
orig: 5.591%	hist: 6.665%
orig: 5.550%	hist: 6.940%
orig: 5.479%	hist: 7.374%
orig: 5.425%	hist: 6.650%
orig: 5.359%	hist: 7.066%
orig: 5.312%	hist: 6.171%
orig: 5.249%	hist: 7.061%
orig: 5.186%	hist: 6.942%
orig: 5.149%	hist: 6.122%
orig: 5.082%	hist: 7.670%
orig: 5.011%	hist: 7.107%
orig: 4.968%	hist: 6.126%
orig: 4.919%	hist: 6.582%
orig: 4.853%	hist: 6.657%
orig: 4.786%	hist: 6.625%
orig: 4.734%	hist: 6.165%
orig: 4.682%	hist: 6.360%
orig: 4.623%	hist: 6.695%
orig: 4.565%	hist: 6.396%
orig: 4.506%	hist: 5.933%
orig: 4.467%	hist: 6.091%
orig: 4.398%	hist: 7.131%
orig: 4.332%	hist: 5.810%
orig: 4.284%	hist: 5.707%
orig: 4.226%	hist: 6.237%
orig: 4.163%	hist: 6.264%
orig: 4.114%	hist: 6.470%
orig: 4.053%	hist: 6.589%
orig: 3.999%	hist: 5.379%
orig: 3.937%	hist: 5.386%
orig: 3.886%	hist: 5.020%
orig: 3.817%	hist: 5.965%
orig: 3.750%	hist: 4.814%
orig: 3.695%	hist: 4.822%
orig: 3.641%	hist: 5.806%
orig: 3.586%	hist: 4.990%
orig: 3.538%	hist: 4.802%
orig: 3.471%	hist: 5.634%
orig: 3.416%	hist: 4.296%
orig: 3.362%	hist: 5.577%
orig: 3.306%	hist: 5.312%
orig: 3.239%	hist: 6.317%
orig: 3.203%	hist: 5.398%
orig: 3.141%	hist: 5.858%
orig: 3.093%	hist: 5.800%
orig: 3.042%	hist: 5.159%
orig: 2.969%	hist: 5.666%
orig: 2.909%	hist: 5.432%
orig: 2.851%	hist: 5.652%
orig: 2.795%	hist: 5.532%
orig: 2.729%	hist: 5.394%
orig: 2.679%	hist: 3.672%
orig: 2.637%	hist: 5.066%
orig: 2.592%	hist: 5.349%
orig: 2.524%	hist: 5.536%
orig: 2.458%	hist: 5.242%
orig: 2.405%	hist: 5.078%
orig: 2.337%	hist: 4.527%
orig: 2.271%	hist: 3.920%
orig: 2.211%	hist: 4.772%
orig: 2.168%	hist: 5.570%
orig: 2.113%	hist: 4.951%
orig: 2.049%	hist: 5.692%
orig: 2.002%	hist: 5.076%
orig: 1.954%	hist: 5.162%
orig: 1.890%	hist: 5.517%
orig: 1.825%	hist: 3.899%
orig: 1.767%	hist: 4.820%
orig: 1.702%	hist: 4.673%
orig: 1.648%	hist: 5.077%
orig: 1.593%	hist: 5.222%
orig: 1.540%	hist: 6.465%
orig: 1.500%	hist: 4.725%
orig: 1.443%	hist: 4.351%
orig: 1.382%	hist: 4.672%
orig: 1.324%	hist: 4.397%
orig: 1.265%	hist: 4.654%
orig: 1.204%	hist: 4.115%
orig: 1.139%	hist: 4.303%
orig: 1.078%	hist: 4.000%
orig: 1.028%	hist: 4.559%
orig: 0.975%	hist: 4.451%
orig: 0.907%	hist: 4.203%
orig: 0.847%	hist: 3.218%
orig: 0.812%	hist: 4.783%
orig: 0.756%	hist: 4.888%
orig: 0.686%	hist: 5.387%
orig: 0.626%	hist: 4.120%
orig: 0.570%	hist: 4.575%
orig: 0.504%	hist: 4.811%
orig: 0.463%	hist: 3.860%
orig: 0.408%	hist: 3.594%
orig: 0.372%	hist: 3.613%
orig: 0.303%	hist: 5.107%
orig: 0.258%	hist: 4.329%
orig: 0.207%	hist: 4.734%
orig: 0.151%	hist: 5.528%
orig: 0.117%	hist: 4.666%
orig: 0.096%	hist: 5.096%
F_sum, F_avg: 210.0, 10.5
 1:   3 (2.38)
 2:   5 (4.76)
 3:   7 (7.14)
 4:   9 (9.52)
 5:  12 (11.90)
 6:  14 (14.29)
 7:  17 (16.67)
 8:  19 (19.05)
 9:  22 (21.43)
10:  23 (23.81)
11:  27 (26.19)
12:  29 (28.57)
13:  31 (30.95)
14:  33 (33.33)
15:  35 (35.71)
16:  38 (38.10)
17:  41 (40.48)
18:  42 (42.86)
19:  45 (45.24)
20:  48 (47.62)
Totaal:  500 ( 500)
Final: 0.096%
1: -0.5893446487505891
2: -0.18859028760018823
3: 0.21216407355021186
4: 0.6129184347006146
5: 0.02357378595002277
6: 0.4243281471004237
7: -0.16501650165016632
8: 0.2357378595002381
9: -0.35360678925035194
10: 1.0372465818010366
11: -0.5421970768505411
12: -0.14144271570014355
13: 0.25931164545026086
14: 0.6600660066006583
15: 1.060820367751056
16: 0.4714757190004762
17: -0.11786892975011731
18: 1.2729844413012712
19: 0.6836397925506845
20: 0.09429514380009107
